0 info it worked if it ends with ok
1 verbose cli [ '/usr/local/bin/node', '/usr/local/bin/npm', 'run', 'node' ]
2 info using npm@3.7.3
3 info using node@v5.8.0
4 verbose run-script [ 'prenode', 'node', 'postnode' ]
5 info lifecycle react-fundamentals-curriculum@1.0.0~prenode: react-fundamentals-curriculum@1.0.0
6 silly lifecycle react-fundamentals-curriculum@1.0.0~prenode: no script for prenode, continuing
7 info lifecycle react-fundamentals-curriculum@1.0.0~node: react-fundamentals-curriculum@1.0.0
8 verbose lifecycle react-fundamentals-curriculum@1.0.0~node: unsafe-perm in lifecycle true
9 verbose lifecycle react-fundamentals-curriculum@1.0.0~node: PATH: /usr/local/lib/node_modules/npm/bin/node-gyp-bin:/home/oliver/Documents/INFO3/git/sparrowReact/node_modules/.bin:/usr/local/bin:/usr/local/sbin:/usr/local/bin:/usr/sbin:/usr/bin:/sbin:/bin:/usr/games:/usr/local/games:/usr/lib/jvm/java-7-oracle/bin:/usr/lib/jvm/java-7-oracle/db/bin:/usr/lib/jvm/java-7-oracle/jre/bin
10 verbose lifecycle react-fundamentals-curriculum@1.0.0~node: CWD: /home/oliver/Documents/INFO3/git/sparrowReact
11 silly lifecycle react-fundamentals-curriculum@1.0.0~node: Args: [ '-c', 'node index.js' ]
12 silly lifecycle react-fundamentals-curriculum@1.0.0~node: Returned: code: 1  signal: null
13 info lifecycle react-fundamentals-curriculum@1.0.0~node: Failed to exec node script
14 verbose stack Error: react-fundamentals-curriculum@1.0.0 node: `node index.js`
14 verbose stack Exit status 1
14 verbose stack     at EventEmitter.<anonymous> (/usr/local/lib/node_modules/npm/lib/utils/lifecycle.js:239:16)
14 verbose stack     at emitTwo (events.js:100:13)
14 verbose stack     at EventEmitter.emit (events.js:185:7)
14 verbose stack     at ChildProcess.<anonymous> (/usr/local/lib/node_modules/npm/lib/utils/spawn.js:24:14)
14 verbose stack     at emitTwo (events.js:100:13)
14 verbose stack     at ChildProcess.emit (events.js:185:7)
14 verbose stack     at maybeClose (internal/child_process.js:850:16)
14 verbose stack     at Process.ChildProcess._handle.onexit (internal/child_process.js:215:5)
15 verbose pkgid react-fundamentals-curriculum@1.0.0
16 verbose cwd /home/oliver/Documents/INFO3/git/sparrowReact
17 error Linux 4.2.0-36-generic
18 error argv "/usr/local/bin/node" "/usr/local/bin/npm" "run" "node"
19 error node v5.8.0
20 error npm  v3.7.3
21 error code ELIFECYCLE
22 error react-fundamentals-curriculum@1.0.0 node: `node index.js`
22 error Exit status 1
23 error Failed at the react-fundamentals-curriculum@1.0.0 node script 'node index.js'.
23 error Make sure you have the latest version of node.js and npm installed.
23 error If you do, this is most likely a problem with the react-fundamentals-curriculum package,
23 error not with npm itself.
23 error Tell the author that this fails on your system:
23 error     node index.js
23 error You can get information on how to open an issue for this project with:
23 error     npm bugs react-fundamentals-curriculum
23 error Or if that isn't available, you can get their info via:
23 error     npm owner ls react-fundamentals-curriculum
23 error There is likely additional logging output above.
24 verbose exit [ 1, true ]
